[debug] ----------------------------------------------------------------------
[debug] Command:      /usr/local/bin/node /usr/local/bin/firebase serve
[debug] CLI Version:  3.0.6
[debug] Platform:     darwin
[debug] Node Version: v6.9.4
[debug] Time:         Thu Mar 16 2017 17:16:24 GMT-0700 (PDT)
[debug] ----------------------------------------------------------------------
[debug] 
[info] Starting Firebase development server...
[info] 
[info] Project Directory: /Users/joseph_koski/Projects/beer-fly
[info] Public Directory: build/bundled
[info] 
[info] Server listening at: http://localhost:5000
[debug] ----------------------------------------------------------------------
[debug] Command:      /usr/local/bin/node /usr/local/bin/firebase serve
[debug] CLI Version:  3.0.6
[debug] Platform:     darwin
[debug] Node Version: v6.9.4
[debug] Time:         Thu Mar 16 2017 17:20:21 GMT-0700 (PDT)
[debug] ----------------------------------------------------------------------
[debug] 
[info] Starting Firebase development server...
[info] 
[info] Project Directory: /Users/joseph_koski/Projects/beer-fly
[info] Public Directory: build/bundled
[info] 
[info] Server listening at: http://localhost:5000
